0 info it worked if it ends with ok
1 verbose cli [ 'node', '/usr/local/bin/npm', 'install' ]
2 info using npm@1.3.14
3 info using node@v0.10.22
4 verbose readDependencies using package.json deps
5 verbose install where, deps [ '/Users/wchegham/Sandbox/dev/node-revolving-light',
5 verbose install   [ 'nodeserial' ] ]
6 info preinstall node-revolving-light@0.0.1
7 verbose readDependencies using package.json deps
8 verbose cache add [ 'nodeserial@*', null ]
9 verbose cache add name=undefined spec="nodeserial@*" args=["nodeserial@*",null]
10 verbose parsed url { protocol: null,
10 verbose parsed url   slashes: null,
10 verbose parsed url   auth: null,
10 verbose parsed url   host: null,
10 verbose parsed url   port: null,
10 verbose parsed url   hostname: null,
10 verbose parsed url   hash: null,
10 verbose parsed url   search: null,
10 verbose parsed url   query: null,
10 verbose parsed url   pathname: 'nodeserial@*',
10 verbose parsed url   path: 'nodeserial@*',
10 verbose parsed url   href: 'nodeserial@*' }
11 verbose cache add name="nodeserial" spec="*" args=["nodeserial","*"]
12 verbose parsed url { protocol: null,
12 verbose parsed url   slashes: null,
12 verbose parsed url   auth: null,
12 verbose parsed url   host: null,
12 verbose parsed url   port: null,
12 verbose parsed url   hostname: null,
12 verbose parsed url   hash: null,
12 verbose parsed url   search: null,
12 verbose parsed url   query: null,
12 verbose parsed url   pathname: '*',
12 verbose parsed url   path: '*',
12 verbose parsed url   href: '*' }
13 verbose addNamed [ 'nodeserial', '*' ]
14 verbose addNamed [ null, '*' ]
15 silly lockFile 6581509d-nodeserial nodeserial@*
16 verbose lock nodeserial@* /Users/wchegham/.npm/6581509d-nodeserial.lock
17 silly addNameRange { name: 'nodeserial', range: '*', hasData: false }
18 verbose url raw nodeserial
19 verbose url resolving [ 'https://registry.npmjs.org/', './nodeserial' ]
20 verbose url resolved https://registry.npmjs.org/nodeserial
21 info trying registry request attempt 1 at 18:04:24
22 http GET https://registry.npmjs.org/nodeserial
23 http 404 https://registry.npmjs.org/nodeserial
24 silly registry.get cb [ 404,
24 silly registry.get   { server: 'CouchDB/1.5.0 (Erlang OTP/R15B03)',
24 silly registry.get     date: 'Sun, 24 Nov 2013 17:04:26 GMT',
24 silly registry.get     'content-type': 'application/json',
24 silly registry.get     'content-length': '52',
24 silly registry.get     'cache-control': 'must-revalidate' } ]
25 silly lockFile 6581509d-nodeserial nodeserial@*
26 silly lockFile 6581509d-nodeserial nodeserial@*
27 error 404 'nodeserial' is not in the npm registry.
27 error 404 You should bug the author to publish it
27 error 404
27 error 404 Note that you can also install from a
27 error 404 tarball, folder, or http url, or git url.
28 error System Darwin 13.0.0
29 error command "node" "/usr/local/bin/npm" "install"
30 error cwd /Users/wchegham/Sandbox/dev/node-revolving-light
31 error node -v v0.10.22
32 error npm -v 1.3.14
33 error code E404
34 verbose exit [ 1, true ]
